<?xml version="1.0" encoding="UTF-8"?>
<!-- Generated by org.testng.reporters.JUnitXMLReporter -->
<testsuite ignored="0" hostname="win2019" failures="0" tests="3" name="Default test" time="83.514" errors="0" timestamp="2024-08-20T06:14:45 PDT">
  <testcase classname="MTV21.BrowserCommands2" name="ChromeBrowserLaunch" time="26.83"/>
  <testcase classname="MTV21.BrowserCommands2" name="FirefoxBrowserLaunch" time="30.968"/>
  <testcase classname="MTV21.BrowserCommands2" name="EdgeLaunch" time="25.638"/>
</testsuite> <!-- Default test -->
