<?xml version="1.0" encoding="UTF-8"?>
<testng-results ignored="0" total="3" passed="3" failed="0" skipped="0">
  <reporter-output>
  </reporter-output>
  <suite started-at="2024-08-20T06:13:22 PDT" name="Default suite" finished-at="2024-08-20T06:14:45 PDT" duration-ms="83514">
    <groups>
    </groups>
    <test started-at="2024-08-20T06:13:22 PDT" name="Default test" finished-at="2024-08-20T06:14:45 PDT" duration-ms="83514">
      <class name="MTV21.BrowserCommands2">
        <test-method signature="ChromeBrowserLaunch()[pri:1, instance:MTV21.BrowserCommands2@479d31f3]" started-at="2024-08-20T06:13:22 PDT" name="ChromeBrowserLaunch" finished-at="2024-08-20T06:13:49 PDT" duration-ms="26830" status="PASS">
          <reporter-output>
          </reporter-output>
        </test-method> <!-- ChromeBrowserLaunch -->
        <test-method signature="FirefoxBrowserLaunch()[pri:2, instance:MTV21.BrowserCommands2@479d31f3]" started-at="2024-08-20T06:13:49 PDT" name="FirefoxBrowserLaunch" finished-at="2024-08-20T06:14:20 PDT" duration-ms="30968" status="PASS">
          <reporter-output>
          </reporter-output>
        </test-method> <!-- FirefoxBrowserLaunch -->
        <test-method signature="EdgeLaunch()[pri:3, instance:MTV21.BrowserCommands2@479d31f3]" started-at="2024-08-20T06:14:20 PDT" name="EdgeLaunch" finished-at="2024-08-20T06:14:45 PDT" duration-ms="25638" status="PASS">
          <reporter-output>
          </reporter-output>
        </test-method> <!-- EdgeLaunch -->
      </class> <!-- MTV21.BrowserCommands2 -->
    </test> <!-- Default test -->
  </suite> <!-- Default suite -->
</testng-results>
